2022-07-19 13:25:43.062  INFO 20060 --- [restartedMain] com.example.gql.GqlApplication           : Starting GqlApplication using Java 11.0.15 on USOAK2-L2003 with PID 20060 (C:\MyProjects\gql\target\classes started by yazarfu in C:\MyProjects\gql)
2022-07-19 13:25:43.067  INFO 20060 --- [restartedMain] com.example.gql.GqlApplication           : No active profile set, falling back to 1 default profile: "default"
2022-07-19 13:25:43.103  INFO 20060 --- [restartedMain] .e.DevToolsPropertyDefaultsPostProcessor : Devtools property defaults active! Set 'spring.devtools.add-properties' to 'false' to disable
2022-07-19 13:25:43.103  INFO 20060 --- [restartedMain] .e.DevToolsPropertyDefaultsPostProcessor : For additional web related logging consider setting the 'logging.level.web' property to 'DEBUG'
2022-07-19 13:25:43.471  INFO 20060 --- [restartedMain] .s.d.r.c.RepositoryConfigurationDelegate : Bootstrapping Spring Data JPA repositories in DEFAULT mode.
2022-07-19 13:25:43.507  INFO 20060 --- [restartedMain] .s.d.r.c.RepositoryConfigurationDelegate : Finished Spring Data repository scanning in 30 ms. Found 1 JPA repository interfaces.
2022-07-19 13:25:43.870  INFO 20060 --- [restartedMain] o.s.b.w.embedded.tomcat.TomcatWebServer  : Tomcat initialized with port(s): 8080 (http)
2022-07-19 13:25:43.885  INFO 20060 --- [restartedMain] o.apache.catalina.core.StandardService   : Starting service [Tomcat]
2022-07-19 13:25:43.885  INFO 20060 --- [restartedMain] org.apache.catalina.core.StandardEngine  : Starting Servlet engine: [Apache Tomcat/9.0.64]
2022-07-19 13:25:43.940  INFO 20060 --- [restartedMain] o.a.c.c.C.[Tomcat].[localhost].[/api]    : Initializing Spring embedded WebApplicationContext
2022-07-19 13:25:43.940  INFO 20060 --- [restartedMain] w.s.c.ServletWebServerApplicationContext : Root WebApplicationContext: initialization completed in 836 ms
2022-07-19 13:25:44.035  INFO 20060 --- [restartedMain] com.zaxxer.hikari.HikariDataSource       : HikariPool-1 - Starting...
2022-07-19 13:25:44.177  INFO 20060 --- [restartedMain] com.zaxxer.hikari.HikariDataSource       : HikariPool-1 - Start completed.
2022-07-19 13:25:44.207  INFO 20060 --- [restartedMain] o.hibernate.jpa.internal.util.LogHelper  : HHH000204: Processing PersistenceUnitInfo [name: default]
2022-07-19 13:25:44.236  INFO 20060 --- [restartedMain] org.hibernate.Version                    : HHH000412: Hibernate ORM core version 5.6.9.Final
2022-07-19 13:25:44.325  INFO 20060 --- [restartedMain] o.hibernate.annotations.common.Version   : HCANN000001: Hibernate Commons Annotations {5.1.2.Final}
2022-07-19 13:25:44.394  INFO 20060 --- [restartedMain] org.hibernate.dialect.Dialect            : HHH000400: Using dialect: org.hibernate.dialect.SQLServer2016Dialect
2022-07-19 13:25:44.836  INFO 20060 --- [restartedMain] o.h.e.t.j.p.i.JtaPlatformInitiator       : HHH000490: Using JtaPlatform implementation: [org.hibernate.engine.transaction.jta.platform.internal.NoJtaPlatform]
2022-07-19 13:25:44.841  INFO 20060 --- [restartedMain] j.LocalContainerEntityManagerFactoryBean : Initialized JPA EntityManagerFactory for persistence unit 'default'
2022-07-19 13:25:44.991  WARN 20060 --- [restartedMain] JpaBaseConfiguration$JpaWebConfiguration : spring.jpa.open-in-view is enabled by default. Therefore, database queries may be performed during view rendering. Explicitly configure spring.jpa.open-in-view to disable this warning
2022-07-19 13:25:45.177  INFO 20060 --- [restartedMain] o.s.b.d.a.OptionalLiveReloadServer       : LiveReload server is running on port 35729
2022-07-19 13:25:45.197  INFO 20060 --- [restartedMain] o.s.b.w.embedded.tomcat.TomcatWebServer  : Tomcat started on port(s): 8080 (http) with context path '/api'
2022-07-19 13:25:45.206  INFO 20060 --- [restartedMain] com.example.gql.GqlApplication           : Started GqlApplication in 2.414 seconds (JVM running for 3.185)
2022-07-19 13:27:00.970  INFO 20060 --- [http-nio-8080-exec-2] o.a.c.c.C.[Tomcat].[localhost].[/api]    : Initializing Spring DispatcherServlet 'dispatcherServlet'
2022-07-19 13:27:00.971  INFO 20060 --- [http-nio-8080-exec-2] o.s.web.servlet.DispatcherServlet        : Initializing Servlet 'dispatcherServlet'
2022-07-19 13:27:00.971  INFO 20060 --- [http-nio-8080-exec-2] o.s.web.servlet.DispatcherServlet        : Completed initialization in 0 ms
2022-07-19 13:27:00.987  INFO 20060 --- [http-nio-8080-exec-2] c.e.gql.controller.StudentController     : listing all students
2022-07-19 13:27:00.987 DEBUG 20060 --- [http-nio-8080-exec-2] com.example.gql.service.StudentService   : retrieving all
2022-07-19 13:27:14.069 DEBUG 20060 --- [http-nio-8080-exec-5] com.example.gql.service.StudentService   : Read Student by id: 1
2022-07-19 13:27:20.462 DEBUG 20060 --- [http-nio-8080-exec-7] com.example.gql.service.StudentService   : Read Student by id: 3
2022-07-19 13:27:20.468  WARN 20060 --- [http-nio-8080-exec-7] .w.s.m.a.ResponseStatusExceptionResolver : Resolved [org.springframework.web.server.ResponseStatusException: 404 NOT_FOUND "Entity [Student] could not be found with id [3]"]
2022-07-19 13:31:48.943  INFO 20060 --- [http-nio-8080-exec-9] c.e.gql.controller.StudentController     : listing all students
2022-07-19 13:31:48.943 DEBUG 20060 --- [http-nio-8080-exec-9] com.example.gql.service.StudentService   : retrieving all
2022-07-19 13:32:29.187 DEBUG 20060 --- [http-nio-8080-exec-10] com.example.gql.service.StudentService   : Read Student by id: 1
2022-07-19 13:32:50.167 DEBUG 20060 --- [http-nio-8080-exec-1] com.example.gql.service.StudentService   : Read Student by id: -1
2022-07-19 13:32:50.173  WARN 20060 --- [http-nio-8080-exec-1] .w.s.m.a.ResponseStatusExceptionResolver : Resolved [org.springframework.web.server.ResponseStatusException: 404 NOT_FOUND "Entity [Student] could not be found with id [-1]"]
2022-07-19 13:36:58.088  INFO 20060 --- [SpringApplicationShutdownHook] j.LocalContainerEntityManagerFactoryBean : Closing JPA EntityManagerFactory for persistence unit 'default'
2022-07-19 13:36:58.091  INFO 20060 --- [SpringApplicationShutdownHook] com.zaxxer.hikari.HikariDataSource       : HikariPool-1 - Shutdown initiated...
2022-07-19 13:36:58.096  INFO 20060 --- [SpringApplicationShutdownHook] com.zaxxer.hikari.HikariDataSource       : HikariPool-1 - Shutdown completed.
2022-07-19 13:37:00.699  INFO 35180 --- [restartedMain] com.example.gql.GqlApplication           : Starting GqlApplication using Java 11.0.15 on USOAK2-L2003 with PID 35180 (C:\MyProjects\gql\target\classes started by yazarfu in C:\MyProjects\gql)
2022-07-19 13:37:00.700  INFO 35180 --- [restartedMain] com.example.gql.GqlApplication           : No active profile set, falling back to 1 default profile: "default"
2022-07-19 13:37:00.729  INFO 35180 --- [restartedMain] .e.DevToolsPropertyDefaultsPostProcessor : Devtools property defaults active! Set 'spring.devtools.add-properties' to 'false' to disable
2022-07-19 13:37:00.729  INFO 35180 --- [restartedMain] .e.DevToolsPropertyDefaultsPostProcessor : For additional web related logging consider setting the 'logging.level.web' property to 'DEBUG'
2022-07-19 13:37:01.086  INFO 35180 --- [restartedMain] .s.d.r.c.RepositoryConfigurationDelegate : Bootstrapping Spring Data JPA repositories in DEFAULT mode.
2022-07-19 13:37:01.121  INFO 35180 --- [restartedMain] .s.d.r.c.RepositoryConfigurationDelegate : Finished Spring Data repository scanning in 29 ms. Found 1 JPA repository interfaces.
2022-07-19 13:37:01.531  INFO 35180 --- [restartedMain] o.s.b.w.embedded.tomcat.TomcatWebServer  : Tomcat initialized with port(s): 8080 (http)
2022-07-19 13:37:01.539  INFO 35180 --- [restartedMain] o.apache.catalina.core.StandardService   : Starting service [Tomcat]
2022-07-19 13:37:01.539  INFO 35180 --- [restartedMain] org.apache.catalina.core.StandardEngine  : Starting Servlet engine: [Apache Tomcat/9.0.64]
2022-07-19 13:37:01.600  INFO 35180 --- [restartedMain] o.a.c.c.C.[Tomcat].[localhost].[/api]    : Initializing Spring embedded WebApplicationContext
2022-07-19 13:37:01.600  INFO 35180 --- [restartedMain] w.s.c.ServletWebServerApplicationContext : Root WebApplicationContext: initialization completed in 870 ms
2022-07-19 13:37:01.695  INFO 35180 --- [restartedMain] com.zaxxer.hikari.HikariDataSource       : HikariPool-1 - Starting...
2022-07-19 13:37:01.836  INFO 35180 --- [restartedMain] com.zaxxer.hikari.HikariDataSource       : HikariPool-1 - Start completed.
2022-07-19 13:37:01.866  INFO 35180 --- [restartedMain] o.hibernate.jpa.internal.util.LogHelper  : HHH000204: Processing PersistenceUnitInfo [name: default]
2022-07-19 13:37:01.894  INFO 35180 --- [restartedMain] org.hibernate.Version                    : HHH000412: Hibernate ORM core version 5.6.9.Final
2022-07-19 13:37:01.983  INFO 35180 --- [restartedMain] o.hibernate.annotations.common.Version   : HCANN000001: Hibernate Commons Annotations {5.1.2.Final}
2022-07-19 13:37:02.054  INFO 35180 --- [restartedMain] org.hibernate.dialect.Dialect            : HHH000400: Using dialect: org.hibernate.dialect.SQLServer2016Dialect
2022-07-19 13:37:02.390  INFO 35180 --- [restartedMain] o.h.e.t.j.p.i.JtaPlatformInitiator       : HHH000490: Using JtaPlatform implementation: [org.hibernate.engine.transaction.jta.platform.internal.NoJtaPlatform]
2022-07-19 13:37:02.396  INFO 35180 --- [restartedMain] j.LocalContainerEntityManagerFactoryBean : Initialized JPA EntityManagerFactory for persistence unit 'default'
2022-07-19 13:37:02.542  WARN 35180 --- [restartedMain] JpaBaseConfiguration$JpaWebConfiguration : spring.jpa.open-in-view is enabled by default. Therefore, database queries may be performed during view rendering. Explicitly configure spring.jpa.open-in-view to disable this warning
2022-07-19 13:37:02.728  INFO 35180 --- [restartedMain] o.s.b.d.a.OptionalLiveReloadServer       : LiveReload server is running on port 35729
2022-07-19 13:37:02.750  INFO 35180 --- [restartedMain] o.s.b.w.embedded.tomcat.TomcatWebServer  : Tomcat started on port(s): 8080 (http) with context path '/api'
2022-07-19 13:37:02.758  INFO 35180 --- [restartedMain] com.example.gql.GqlApplication           : Started GqlApplication in 2.324 seconds (JVM running for 3.126)
2022-07-19 13:37:28.260  INFO 35180 --- [http-nio-8080-exec-1] o.a.c.c.C.[Tomcat].[localhost].[/api]    : Initializing Spring DispatcherServlet 'dispatcherServlet'
2022-07-19 13:37:28.261  INFO 35180 --- [http-nio-8080-exec-1] o.s.web.servlet.DispatcherServlet        : Initializing Servlet 'dispatcherServlet'
2022-07-19 13:37:28.262  INFO 35180 --- [http-nio-8080-exec-1] o.s.web.servlet.DispatcherServlet        : Completed initialization in 1 ms
2022-07-19 13:37:28.283 DEBUG 35180 --- [http-nio-8080-exec-1] com.example.gql.service.StudentService   : Read Student by id: -1
2022-07-19 13:37:28.320  WARN 35180 --- [http-nio-8080-exec-1] .w.s.m.a.ResponseStatusExceptionResolver : Resolved [org.springframework.web.server.ResponseStatusException: 404 NOT_FOUND "Entity [Student] could not be found with id [-1]"]
2022-07-19 13:52:16.968  INFO 35180 --- [SpringApplicationShutdownHook] j.LocalContainerEntityManagerFactoryBean : Closing JPA EntityManagerFactory for persistence unit 'default'
2022-07-19 13:52:16.970  INFO 35180 --- [SpringApplicationShutdownHook] com.zaxxer.hikari.HikariDataSource       : HikariPool-1 - Shutdown initiated...
2022-07-19 13:52:16.976  INFO 35180 --- [SpringApplicationShutdownHook] com.zaxxer.hikari.HikariDataSource       : HikariPool-1 - Shutdown completed.
2022-07-19 13:55:10.977  INFO 32364 --- [restartedMain] com.example.gql.GqlApplication           : Starting GqlApplication using Java 11.0.15 on USOAK2-L2003 with PID 32364 (C:\MyProjects\gql\target\classes started by yazarfu in C:\MyProjects\gql)
2022-07-19 13:55:10.978  INFO 32364 --- [restartedMain] com.example.gql.GqlApplication           : No active profile set, falling back to 1 default profile: "default"
2022-07-19 13:55:11.007  INFO 32364 --- [restartedMain] .e.DevToolsPropertyDefaultsPostProcessor : Devtools property defaults active! Set 'spring.devtools.add-properties' to 'false' to disable
2022-07-19 13:55:11.007  INFO 32364 --- [restartedMain] .e.DevToolsPropertyDefaultsPostProcessor : For additional web related logging consider setting the 'logging.level.web' property to 'DEBUG'
2022-07-19 13:55:11.366  INFO 32364 --- [restartedMain] .s.d.r.c.RepositoryConfigurationDelegate : Bootstrapping Spring Data JPA repositories in DEFAULT mode.
2022-07-19 13:55:11.401  INFO 32364 --- [restartedMain] .s.d.r.c.RepositoryConfigurationDelegate : Finished Spring Data repository scanning in 30 ms. Found 1 JPA repository interfaces.
2022-07-19 13:55:11.775  INFO 32364 --- [restartedMain] o.s.b.w.embedded.tomcat.TomcatWebServer  : Tomcat initialized with port(s): 8080 (http)
2022-07-19 13:55:11.781  INFO 32364 --- [restartedMain] o.apache.catalina.core.StandardService   : Starting service [Tomcat]
2022-07-19 13:55:11.781  INFO 32364 --- [restartedMain] org.apache.catalina.core.StandardEngine  : Starting Servlet engine: [Apache Tomcat/9.0.64]
2022-07-19 13:55:11.846  INFO 32364 --- [restartedMain] o.a.c.c.C.[Tomcat].[localhost].[/api]    : Initializing Spring embedded WebApplicationContext
2022-07-19 13:55:11.846  INFO 32364 --- [restartedMain] w.s.c.ServletWebServerApplicationContext : Root WebApplicationContext: initialization completed in 838 ms
2022-07-19 13:55:11.941  INFO 32364 --- [restartedMain] com.zaxxer.hikari.HikariDataSource       : HikariPool-1 - Starting...
2022-07-19 13:55:12.086  INFO 32364 --- [restartedMain] com.zaxxer.hikari.HikariDataSource       : HikariPool-1 - Start completed.
2022-07-19 13:55:12.117  INFO 32364 --- [restartedMain] o.hibernate.jpa.internal.util.LogHelper  : HHH000204: Processing PersistenceUnitInfo [name: default]
2022-07-19 13:55:12.147  INFO 32364 --- [restartedMain] org.hibernate.Version                    : HHH000412: Hibernate ORM core version 5.6.9.Final
2022-07-19 13:55:12.236  INFO 32364 --- [restartedMain] o.hibernate.annotations.common.Version   : HCANN000001: Hibernate Commons Annotations {5.1.2.Final}
2022-07-19 13:55:12.304  INFO 32364 --- [restartedMain] org.hibernate.dialect.Dialect            : HHH000400: Using dialect: org.hibernate.dialect.SQLServer2016Dialect
2022-07-19 13:55:12.652  INFO 32364 --- [restartedMain] o.h.e.t.j.p.i.JtaPlatformInitiator       : HHH000490: Using JtaPlatform implementation: [org.hibernate.engine.transaction.jta.platform.internal.NoJtaPlatform]
2022-07-19 13:55:12.657  INFO 32364 --- [restartedMain] j.LocalContainerEntityManagerFactoryBean : Initialized JPA EntityManagerFactory for persistence unit 'default'
2022-07-19 13:55:12.806  WARN 32364 --- [restartedMain] JpaBaseConfiguration$JpaWebConfiguration : spring.jpa.open-in-view is enabled by default. Therefore, database queries may be performed during view rendering. Explicitly configure spring.jpa.open-in-view to disable this warning
2022-07-19 13:55:12.994  INFO 32364 --- [restartedMain] o.s.b.d.a.OptionalLiveReloadServer       : LiveReload server is running on port 35729
2022-07-19 13:55:13.015  INFO 32364 --- [restartedMain] o.s.b.w.embedded.tomcat.TomcatWebServer  : Tomcat started on port(s): 8080 (http) with context path '/api'
2022-07-19 13:55:13.022  INFO 32364 --- [restartedMain] com.example.gql.GqlApplication           : Started GqlApplication in 2.315 seconds (JVM running for 3.33)
2022-07-19 13:55:19.053  INFO 32364 --- [http-nio-8080-exec-1] o.a.c.c.C.[Tomcat].[localhost].[/api]    : Initializing Spring DispatcherServlet 'dispatcherServlet'
2022-07-19 13:55:19.054  INFO 32364 --- [http-nio-8080-exec-1] o.s.web.servlet.DispatcherServlet        : Initializing Servlet 'dispatcherServlet'
2022-07-19 13:55:19.055  INFO 32364 --- [http-nio-8080-exec-1] o.s.web.servlet.DispatcherServlet        : Completed initialization in 1 ms
2022-07-19 13:55:19.069  INFO 32364 --- [http-nio-8080-exec-1] c.e.gql.controller.StudentController     : listing all students
2022-07-19 13:55:19.069 DEBUG 32364 --- [http-nio-8080-exec-1] com.example.gql.service.StudentService   : retrieving all
2022-07-19 13:55:22.086 DEBUG 32364 --- [http-nio-8080-exec-4] com.example.gql.service.StudentService   : Read Student by id: 1
2022-07-19 13:55:25.302 DEBUG 32364 --- [http-nio-8080-exec-7] com.example.gql.service.StudentService   : Read Student by id: -1
2022-07-19 13:55:25.308  WARN 32364 --- [http-nio-8080-exec-7] .w.s.m.a.ResponseStatusExceptionResolver : Resolved [org.springframework.web.server.ResponseStatusException: 404 NOT_FOUND "Entity [Student] could not be found with id [-1]"]
